# JRE version: OpenJDK Runtime Environment (8.0_112) (build 1.8.0_112-release-736)
# Java VM: OpenJDK 64-Bit Server VM (25.112-b736 mixed mode windows-amd64 compressed oops)
Heap:
 PSYoungGen      total 450048K, used 201205K [0x00000000e0000000, 0x00000000ffc00000, 0x0000000100000000)
  eden space 386048K, 48% used [0x00000000e0000000,0x00000000eb614688,0x00000000f7900000)
  from space 64000K, 23% used [0x00000000f7900000,0x00000000f8768e88,0x00000000fb780000)
  to   space 60416K, 0% used [0x00000000fc100000,0x00000000fc100000,0x00000000ffc00000)
 ParOldGen       total 340992K, used 64972K [0x00000000a0000000, 0x00000000b4d00000, 0x00000000e0000000)
  object space 340992K, 19% used [0x00000000a0000000,0x00000000a3f73380,0x00000000b4d00000)
 Metaspace       used 79385K, capacity 83950K, committed 84224K, reserved 1122304K
  class space    used 10155K, capacity 11210K, committed 11264K, reserved 1048576K
GC Heap History (10 events):
Event: 477.103 GC heap before
{Heap before GC invocations=27 (full 4):
 PSYoungGen      total 453632K, used 114782K [0x00000000e0000000, 0x00000000fff00000, 0x0000000100000000)
  eden space 386048K, 29% used [0x00000000e0000000,0x00000000e6f52ea0,0x00000000f7900000)
  from space 67584K, 1% used [0x00000000fbd00000,0x00000000fbdc4c18,0x00000000fff00000)
  to   space 68608K, 0% used [0x00000000f7900000,0x00000000f7900000,0x00000000fbc00000)
 ParOldGen       total 340992K, used 230174K [0x00000000a0000000, 0x00000000b4d00000, 0x00000000e0000000)
  object space 340992K, 67% used [0x00000000a0000000,0x00000000ae0c7930,0x00000000b4d00000)
 Metaspace       used 77805K, capacity 81632K, committed 81920K, reserved 1120256K
  class space    used 10019K, capacity 10925K, committed 11008K, reserved 1048576K
Event: 477.128 GC heap after
Heap after GC invocations=27 (full 4):
 PSYoungGen      total 390656K, used 4295K [0x00000000e0000000, 0x00000000ffc00000, 0x0000000100000000)
  eden space 386048K, 0% used [0x00000000e0000000,0x00000000e0000000,0x00000000f7900000)
  from space 4608K, 93% used [0x00000000f7900000,0x00000000f7d31d48,0x00000000f7d80000)
  to   space 67072K, 0% used [0x00000000fba80000,0x00000000fba80000,0x00000000ffc00000)
 ParOldGen       total 340992K, used 230521K [0x00000000a0000000, 0x00000000b4d00000, 0x00000000e0000000)
  object space 340992K, 67% used [0x00000000a0000000,0x00000000ae11e6d8,0x00000000b4d00000)
 Metaspace       used 77805K, capacity 81632K, committed 81920K, reserved 1120256K
  class space    used 10019K, capacity 10925K, committed 11008K, reserved 1048576K
}
Event: 477.128 GC heap before
{Heap before GC invocations=28 (full 5):
 PSYoungGen      total 390656K, used 4295K [0x00000000e0000000, 0x00000000ffc00000, 0x0000000100000000)
  eden space 386048K, 0% used [0x00000000e0000000,0x00000000e0000000,0x00000000f7900000)
  from space 4608K, 93% used [0x00000000f7900000,0x00000000f7d31d48,0x00000000f7d80000)
  to   space 67072K, 0% used [0x00000000fba80000,0x00000000fba80000,0x00000000ffc00000)
 ParOldGen       total 340992K, used 230521K [0x00000000a0000000, 0x00000000b4d00000, 0x00000000e0000000)
  object space 340992K, 67% used [0x00000000a0000000,0x00000000ae11e6d8,0x00000000b4d00000)
 Metaspace       used 77805K, capacity 81632K, committed 81920K, reserved 1120256K
  class space    used 10019K, capacity 10925K, committed 11008K, reserved 1048576K
Event: 478.387 GC heap after
Heap after GC invocations=28 (full 5):
 PSYoungGen      total 390656K, used 0K [0x00000000e0000000, 0x00000000ffc00000, 0x0000000100000000)
  eden space 386048K, 0% used [0x00000000e0000000,0x00000000e0000000,0x00000000f7900000)
  from space 4608K, 0% used [0x00000000f7900000,0x00000000f7900000,0x00000000f7d80000)
  to   space 67072K, 0% used [0x00000000fba80000,0x00000000fba80000,0x00000000ffc00000)
 ParOldGen       total 340992K, used 64944K [0x00000000a0000000, 0x00000000b4d00000, 0x00000000e0000000)
  object space 340992K, 19% used [0x00000000a0000000,0x00000000a3f6c1a0,0x00000000b4d00000)
 Metaspace       used 77805K, capacity 81632K, committed 81920K, reserved 1120256K
  class space    used 10019K, capacity 10925K, committed 11008K, reserved 1048576K
}
Event: 522.520 GC heap before
{Heap before GC invocations=29 (full 5):
 PSYoungGen      total 390656K, used 231366K [0x00000000e0000000, 0x00000000ffc00000, 0x0000000100000000)
  eden space 386048K, 59% used [0x00000000e0000000,0x00000000ee1f1990,0x00000000f7900000)
  from space 4608K, 0% used [0x00000000f7900000,0x00000000f7900000,0x00000000f7d80000)
  to   space 67072K, 0% used [0x00000000fba80000,0x00000000fba80000,0x00000000ffc00000)
 ParOldGen       total 340992K, used 64944K [0x00000000a0000000, 0x00000000b4d00000, 0x00000000e0000000)
  object space 340992K, 19% used [0x00000000a0000000,0x00000000a3f6c1a0,0x00000000b4d00000)
 Metaspace       used 78327K, capacity 82496K, committed 82816K, reserved 1120256K
  class space    used 10059K, capacity 11015K, committed 11136K, reserved 1048576K
Event: 522.551 GC heap after
Heap after GC invocations=29 (full 5):
 PSYoungGen      total 446976K, used 12435K [0x00000000e0000000, 0x00000000ff600000, 0x0000000100000000)
  eden space 386048K, 0% used [0x00000000e0000000,0x00000000e0000000,0x00000000f7900000)
  from space 60928K, 20% used [0x00000000fba80000,0x00000000fc6a4e68,0x00000000ff600000)
  to   space 64000K, 0% used [0x00000000f7900000,0x00000000f7900000,0x00000000fb780000)
 ParOldGen       total 340992K, used 64952K [0x00000000a0000000, 0x00000000b4d00000, 0x00000000e0000000)
  object space 340992K, 19% used [0x00000000a0000000,0x00000000a3f6e1a0,0x00000000b4d00000)
 Metaspace       used 78327K, capacity 82496K, committed 82816K, reserved 1120256K
  class space    used 10059K, capacity 11015K, committed 11136K, reserved 1048576K
}
Event: 522.551 GC heap before
{Heap before GC invocations=30 (full 6):
 PSYoungGen      total 446976K, used 12435K [0x00000000e0000000, 0x00000000ff600000, 0x0000000100000000)
  eden space 386048K, 0% used [0x00000000e0000000,0x00000000e0000000,0x00000000f7900000)
  from space 60928K, 20% used [0x00000000fba80000,0x00000000fc6a4e68,0x00000000ff600000)
  to   space 64000K, 0% used [0x00000000f7900000,0x00000000f7900000,0x00000000fb780000)
 ParOldGen       total 340992K, used 64952K [0x00000000a0000000, 0x00000000b4d00000, 0x00000000e0000000)
  object space 340992K, 19% used [0x00000000a0000000,0x00000000a3f6e1a0,0x00000000b4d00000)
 Metaspace       used 78327K, capacity 82496K, committed 82816K, reserved 1120256K
  class space    used 10059K, capacity 11015K, committed 11136K, reserved 1048576K
Event: 523.258 GC heap after
Heap after GC invocations=30 (full 6):
 PSYoungGen      total 446976K, used 0K [0x00000000e0000000, 0x00000000ff600000, 0x0000000100000000)
  eden space 386048K, 0% used [0x00000000e0000000,0x00000000e0000000,0x00000000f7900000)
  from space 60928K, 0% used [0x00000000fba80000,0x00000000fba80000,0x00000000ff600000)
  to   space 64000K, 0% used [0x00000000f7900000,0x00000000f7900000,0x00000000fb780000)
 ParOldGen       total 340992K, used 64964K [0x00000000a0000000, 0x00000000b4d00000, 0x00000000e0000000)
  object space 340992K, 19% used [0x00000000a0000000,0x00000000a3f71380,0x00000000b4d00000)
 Metaspace       used 78327K, capacity 82496K, committed 82816K, reserved 1120256K
  class space    used 10059K, capacity 11015K, committed 11136K, reserved 1048576K
}
Event: 565.752 GC heap before
{Heap before GC invocations=31 (full 6):
 PSYoungGen      total 446976K, used 386048K [0x00000000e0000000, 0x00000000ff600000, 0x0000000100000000)
  eden space 386048K, 100% used [0x00000000e0000000,0x00000000f7900000,0x00000000f7900000)
  from space 60928K, 0% used [0x00000000fba80000,0x00000000fba80000,0x00000000ff600000)
  to   space 64000K, 0% used [0x00000000f7900000,0x00000000f7900000,0x00000000fb780000)
 ParOldGen       total 340992K, used 64964K [0x00000000a0000000, 0x00000000b4d00000, 0x00000000e0000000)
  object space 340992K, 19% used [0x00000000a0000000,0x00000000a3f71380,0x00000000b4d00000)
 Metaspace       used 79327K, capacity 83906K, committed 84224K, reserved 1122304K
  class space    used 10147K, capacity 11200K, committed 11264K, reserved 1048576K
Event: 565.784 GC heap after
Heap after GC invocations=31 (full 6):
 PSYoungGen      total 450048K, used 14755K [0x00000000e0000000, 0x00000000ffc00000, 0x0000000100000000)
  eden space 386048K, 0% used [0x00000000e0000000,0x00000000e0000000,0x00000000f7900000)
  from space 64000K, 23% used [0x00000000f7900000,0x00000000f8768e88,0x00000000fb780000)
  to   space 60416K, 0% used [0x00000000fc100000,0x00000000fc100000,0x00000000ffc00000)
 ParOldGen       total 340992K, used 64972K [0x00000000a0000000, 0x00000000b4d00000, 0x00000000e0000000)
  object space 340992K, 19% used [0x00000000a0000000,0x00000000a3f73380,0x00000000b4d00000)
 Metaspace       used 79327K, capacity 83906K, committed 84224K, reserved 1122304K
  class space    used 10147K, capacity 11200K, committed 11264K, reserved 1048576K
}

