# JRE version: OpenJDK Runtime Environment (8.0_112) (build 1.8.0_112-release-736)
# Java VM: OpenJDK 64-Bit Server VM (25.112-b736 mixed mode windows-amd64 compressed oops)
Heap:
 PSYoungGen      total 219136K, used 44438K [0x00000000e0000000, 0x00000000ef000000, 0x0000000100000000)
  eden space 192512K, 17% used [0x00000000e0000000,0x00000000e20f2458,0x00000000ebc00000)
  from space 26624K, 40% used [0x00000000ebc00000,0x00000000ec6733b8,0x00000000ed600000)
  to   space 20992K, 0% used [0x00000000ed600000,0x00000000ed600000,0x00000000eea80000)
 ParOldGen       total 202752K, used 61902K [0x00000000a0000000, 0x00000000ac600000, 0x00000000e0000000)
  object space 202752K, 30% used [0x00000000a0000000,0x00000000a3c73b48,0x00000000ac600000)
 Metaspace       used 69459K, capacity 73290K, committed 73560K, reserved 1112064K
  class space    used 9063K, capacity 10010K, committed 10112K, reserved 1048576K
GC Heap History (10 events):
Event: 42.859 GC heap before
{Heap before GC invocations=16 (full 3):
 PSYoungGen      total 168448K, used 145920K [0x00000000e0000000, 0x00000000ec900000, 0x0000000100000000)
  eden space 145920K, 100% used [0x00000000e0000000,0x00000000e8e80000,0x00000000e8e80000)
  from space 22528K, 0% used [0x00000000ea400000,0x00000000ea400000,0x00000000eba00000)
  to   space 22016K, 0% used [0x00000000e8e80000,0x00000000e8e80000,0x00000000ea400000)
 ParOldGen       total 202752K, used 42489K [0x00000000a0000000, 0x00000000ac600000, 0x00000000e0000000)
  object space 202752K, 20% used [0x00000000a0000000,0x00000000a297e5e0,0x00000000ac600000)
 Metaspace       used 62078K, capacity 64854K, committed 64984K, reserved 1105920K
  class space    used 8222K, capacity 8928K, committed 8960K, reserved 1048576K
Event: 42.877 GC heap after
Heap after GC invocations=16 (full 3):
 PSYoungGen      total 167936K, used 10774K [0x00000000e0000000, 0x00000000eea80000, 0x0000000100000000)
  eden space 145920K, 0% used [0x00000000e0000000,0x00000000e0000000,0x00000000e8e80000)
  from space 22016K, 48% used [0x00000000e8e80000,0x00000000e9905a38,0x00000000ea400000)
  to   space 20992K, 0% used [0x00000000ed600000,0x00000000ed600000,0x00000000eea80000)
 ParOldGen       total 202752K, used 42497K [0x00000000a0000000, 0x00000000ac600000, 0x00000000e0000000)
  object space 202752K, 20% used [0x00000000a0000000,0x00000000a29805e0,0x00000000ac600000)
 Metaspace       used 62078K, capacity 64854K, committed 64984K, reserved 1105920K
  class space    used 8222K, capacity 8928K, committed 8960K, reserved 1048576K
}
Event: 64.982 GC heap before
{Heap before GC invocations=17 (full 3):
 PSYoungGen      total 167936K, used 156694K [0x00000000e0000000, 0x00000000eea80000, 0x0000000100000000)
  eden space 145920K, 100% used [0x00000000e0000000,0x00000000e8e80000,0x00000000e8e80000)
  from space 22016K, 48% used [0x00000000e8e80000,0x00000000e9905a38,0x00000000ea400000)
  to   space 20992K, 0% used [0x00000000ed600000,0x00000000ed600000,0x00000000eea80000)
 ParOldGen       total 202752K, used 42497K [0x00000000a0000000, 0x00000000ac600000, 0x00000000e0000000)
  object space 202752K, 20% used [0x00000000a0000000,0x00000000a29805e0,0x00000000ac600000)
 Metaspace       used 64692K, capacity 67484K, committed 67672K, reserved 1107968K
  class space    used 8516K, capacity 9217K, committed 9344K, reserved 1048576K
Event: 65.024 GC heap after
Heap after GC invocations=17 (full 3):
 PSYoungGen      total 213504K, used 20966K [0x00000000e0000000, 0x00000000ef000000, 0x0000000100000000)
  eden space 192512K, 0% used [0x00000000e0000000,0x00000000e0000000,0x00000000ebc00000)
  from space 20992K, 99% used [0x00000000ed600000,0x00000000eea79b78,0x00000000eea80000)
  to   space 26624K, 0% used [0x00000000ebc00000,0x00000000ebc00000,0x00000000ed600000)
 ParOldGen       total 202752K, used 51046K [0x00000000a0000000, 0x00000000ac600000, 0x00000000e0000000)
  object space 202752K, 25% used [0x00000000a0000000,0x00000000a31d9950,0x00000000ac600000)
 Metaspace       used 64692K, capacity 67484K, committed 67672K, reserved 1107968K
  class space    used 8516K, capacity 9217K, committed 9344K, reserved 1048576K
}
Event: 159.325 GC heap before
{Heap before GC invocations=18 (full 3):
 PSYoungGen      total 213504K, used 213478K [0x00000000e0000000, 0x00000000ef000000, 0x0000000100000000)
  eden space 192512K, 100% used [0x00000000e0000000,0x00000000ebc00000,0x00000000ebc00000)
  from space 20992K, 99% used [0x00000000ed600000,0x00000000eea79b78,0x00000000eea80000)
  to   space 26624K, 0% used [0x00000000ebc00000,0x00000000ebc00000,0x00000000ed600000)
 ParOldGen       total 202752K, used 51046K [0x00000000a0000000, 0x00000000ac600000, 0x00000000e0000000)
  object space 202752K, 25% used [0x00000000a0000000,0x00000000a31d9950,0x00000000ac600000)
 Metaspace       used 67548K, capacity 70678K, committed 70872K, reserved 1110016K
  class space    used 8841K, capacity 9670K, committed 9728K, reserved 1048576K
Event: 159.376 GC heap after
Heap after GC invocations=18 (full 3):
 PSYoungGen      total 219136K, used 6829K [0x00000000e0000000, 0x00000000ef000000, 0x0000000100000000)
  eden space 192512K, 0% used [0x00000000e0000000,0x00000000e0000000,0x00000000ebc00000)
  from space 26624K, 25% used [0x00000000ebc00000,0x00000000ec2ab600,0x00000000ed600000)
  to   space 20992K, 0% used [0x00000000ed600000,0x00000000ed600000,0x00000000eea80000)
 ParOldGen       total 202752K, used 61886K [0x00000000a0000000, 0x00000000ac600000, 0x00000000e0000000)
  object space 202752K, 30% used [0x00000000a0000000,0x00000000a3c6fb48,0x00000000ac600000)
 Metaspace       used 67548K, capacity 70678K, committed 70872K, reserved 1110016K
  class space    used 8841K, capacity 9670K, committed 9728K, reserved 1048576K
}
Event: 180.775 GC heap before
{Heap before GC invocations=19 (full 3):
 PSYoungGen      total 219136K, used 199341K [0x00000000e0000000, 0x00000000ef000000, 0x0000000100000000)
  eden space 192512K, 100% used [0x00000000e0000000,0x00000000ebc00000,0x00000000ebc00000)
  from space 26624K, 25% used [0x00000000ebc00000,0x00000000ec2ab600,0x00000000ed600000)
  to   space 20992K, 0% used [0x00000000ed600000,0x00000000ed600000,0x00000000eea80000)
 ParOldGen       total 202752K, used 61886K [0x00000000a0000000, 0x00000000ac600000, 0x00000000e0000000)
  object space 202752K, 30% used [0x00000000a0000000,0x00000000a3c6fb48,0x00000000ac600000)
 Metaspace       used 68013K, capacity 71410K, committed 71768K, reserved 1112064K
  class space    used 8872K, capacity 9746K, committed 9856K, reserved 1048576K
Event: 180.820 GC heap after
Heap after GC invocations=19 (full 3):
 PSYoungGen      total 213504K, used 14142K [0x00000000e0000000, 0x00000000ef000000, 0x0000000100000000)
  eden space 192512K, 0% used [0x00000000e0000000,0x00000000e0000000,0x00000000ebc00000)
  from space 20992K, 67% used [0x00000000ed600000,0x00000000ee3cfaf8,0x00000000eea80000)
  to   space 26624K, 0% used [0x00000000ebc00000,0x00000000ebc00000,0x00000000ed600000)
 ParOldGen       total 202752K, used 61894K [0x00000000a0000000, 0x00000000ac600000, 0x00000000e0000000)
  object space 202752K, 30% used [0x00000000a0000000,0x00000000a3c71b48,0x00000000ac600000)
 Metaspace       used 68013K, capacity 71410K, committed 71768K, reserved 1112064K
  class space    used 8872K, capacity 9746K, committed 9856K, reserved 1048576K
}
Event: 209.217 GC heap before
{Heap before GC invocations=20 (full 3):
 PSYoungGen      total 213504K, used 206654K [0x00000000e0000000, 0x00000000ef000000, 0x0000000100000000)
  eden space 192512K, 100% used [0x00000000e0000000,0x00000000ebc00000,0x00000000ebc00000)
  from space 20992K, 67% used [0x00000000ed600000,0x00000000ee3cfaf8,0x00000000eea80000)
  to   space 26624K, 0% used [0x00000000ebc00000,0x00000000ebc00000,0x00000000ed600000)
 ParOldGen       total 202752K, used 61894K [0x00000000a0000000, 0x00000000ac600000, 0x00000000e0000000)
  object space 202752K, 30% used [0x00000000a0000000,0x00000000a3c71b48,0x00000000ac600000)
 Metaspace       used 69375K, capacity 73234K, committed 73560K, reserved 1112064K
  class space    used 9053K, capacity 10000K, committed 10112K, reserved 1048576K
Event: 209.256 GC heap after
Heap after GC invocations=20 (full 3):
 PSYoungGen      total 219136K, used 10700K [0x00000000e0000000, 0x00000000ef000000, 0x0000000100000000)
  eden space 192512K, 0% used [0x00000000e0000000,0x00000000e0000000,0x00000000ebc00000)
  from space 26624K, 40% used [0x00000000ebc00000,0x00000000ec6733b8,0x00000000ed600000)
  to   space 20992K, 0% used [0x00000000ed600000,0x00000000ed600000,0x00000000eea80000)
 ParOldGen       total 202752K, used 61902K [0x00000000a0000000, 0x00000000ac600000, 0x00000000e0000000)
  object space 202752K, 30% used [0x00000000a0000000,0x00000000a3c73b48,0x00000000ac600000)
 Metaspace       used 69375K, capacity 73234K, committed 73560K, reserved 1112064K
  class space    used 9053K, capacity 10000K, committed 10112K, reserved 1048576K
}

