# JRE version: OpenJDK Runtime Environment (8.0_112) (build 1.8.0_112-release-736)
# Java VM: OpenJDK 64-Bit Server VM (25.112-b736 mixed mode windows-amd64 compressed oops)
Heap:
 PSYoungGen      total 404992K, used 68674K [0x00000000e0000000, 0x0000000100000000, 0x0000000100000000)
  eden space 368640K, 17% used [0x00000000e0000000,0x00000000e3def140,0x00000000f6800000)
  from space 36352K, 14% used [0x00000000f6800000,0x00000000f6d21ab8,0x00000000f8b80000)
  to   space 35840K, 0% used [0x00000000fdd00000,0x00000000fdd00000,0x0000000100000000)
 ParOldGen       total 220160K, used 96102K [0x00000000a0000000, 0x00000000ad700000, 0x00000000e0000000)
  object space 220160K, 43% used [0x00000000a0000000,0x00000000a5dd9ae0,0x00000000ad700000)
 Metaspace       used 69880K, capacity 72450K, committed 72664K, reserved 1112064K
  class space    used 8851K, capacity 9438K, committed 9472K, reserved 1048576K
GC Heap History (10 events):
Event: 83.548 GC heap before
{Heap before GC invocations=22 (full 3):
 PSYoungGen      total 269824K, used 259055K [0x00000000e0000000, 0x00000000f3a00000, 0x0000000100000000)
  eden space 231936K, 100% used [0x00000000e0000000,0x00000000ee280000,0x00000000ee280000)
  from space 37888K, 71% used [0x00000000f0900000,0x00000000f237bcd8,0x00000000f2e00000)
  to   space 39424K, 0% used [0x00000000ee280000,0x00000000ee280000,0x00000000f0900000)
 ParOldGen       total 220160K, used 53852K [0x00000000a0000000, 0x00000000ad700000, 0x00000000e0000000)
  object space 220160K, 24% used [0x00000000a0000000,0x00000000a3497320,0x00000000ad700000)
 Metaspace       used 69637K, capacity 72158K, committed 72408K, reserved 1112064K
  class space    used 8833K, capacity 9434K, committed 9472K, reserved 1048576K
Event: 83.637 GC heap after
Heap after GC invocations=22 (full 3):
 PSYoungGen      total 271360K, used 15182K [0x00000000e0000000, 0x00000000f6780000, 0x0000000100000000)
  eden space 231936K, 0% used [0x00000000e0000000,0x00000000e0000000,0x00000000ee280000)
  from space 39424K, 38% used [0x00000000ee280000,0x00000000ef1539e0,0x00000000f0900000)
  to   space 37888K, 0% used [0x00000000f4280000,0x00000000f4280000,0x00000000f6780000)
 ParOldGen       total 220160K, used 69716K [0x00000000a0000000, 0x00000000ad700000, 0x00000000e0000000)
  object space 220160K, 31% used [0x00000000a0000000,0x00000000a4415370,0x00000000ad700000)
 Metaspace       used 69637K, capacity 72158K, committed 72408K, reserved 1112064K
  class space    used 8833K, capacity 9434K, committed 9472K, reserved 1048576K
}
Event: 85.536 GC heap before
{Heap before GC invocations=23 (full 3):
 PSYoungGen      total 271360K, used 247118K [0x00000000e0000000, 0x00000000f6780000, 0x0000000100000000)
  eden space 231936K, 100% used [0x00000000e0000000,0x00000000ee280000,0x00000000ee280000)
  from space 39424K, 38% used [0x00000000ee280000,0x00000000ef1539e0,0x00000000f0900000)
  to   space 37888K, 0% used [0x00000000f4280000,0x00000000f4280000,0x00000000f6780000)
 ParOldGen       total 220160K, used 69716K [0x00000000a0000000, 0x00000000ad700000, 0x00000000e0000000)
  object space 220160K, 31% used [0x00000000a0000000,0x00000000a4415370,0x00000000ad700000)
 Metaspace       used 69648K, capacity 72222K, committed 72408K, reserved 1112064K
  class space    used 8833K, capacity 9434K, committed 9472K, reserved 1048576K
Event: 85.606 GC heap after
Heap after GC invocations=23 (full 3):
 PSYoungGen      total 331264K, used 11624K [0x00000000e0000000, 0x00000000f6780000, 0x0000000100000000)
  eden space 293376K, 0% used [0x00000000e0000000,0x00000000e0000000,0x00000000f1e80000)
  from space 37888K, 30% used [0x00000000f4280000,0x00000000f4dda270,0x00000000f6780000)
  to   space 36864K, 0% used [0x00000000f1e80000,0x00000000f1e80000,0x00000000f4280000)
 ParOldGen       total 220160K, used 76556K [0x00000000a0000000, 0x00000000ad700000, 0x00000000e0000000)
  object space 220160K, 34% used [0x00000000a0000000,0x00000000a4ac3118,0x00000000ad700000)
 Metaspace       used 69648K, capacity 72222K, committed 72408K, reserved 1112064K
  class space    used 8833K, capacity 9434K, committed 9472K, reserved 1048576K
}
Event: 87.794 GC heap before
{Heap before GC invocations=24 (full 3):
 PSYoungGen      total 331264K, used 305000K [0x00000000e0000000, 0x00000000f6780000, 0x0000000100000000)
  eden space 293376K, 100% used [0x00000000e0000000,0x00000000f1e80000,0x00000000f1e80000)
  from space 37888K, 30% used [0x00000000f4280000,0x00000000f4dda270,0x00000000f6780000)
  to   space 36864K, 0% used [0x00000000f1e80000,0x00000000f1e80000,0x00000000f4280000)
 ParOldGen       total 220160K, used 76556K [0x00000000a0000000, 0x00000000ad700000, 0x00000000e0000000)
  object space 220160K, 34% used [0x00000000a0000000,0x00000000a4ac3118,0x00000000ad700000)
 Metaspace       used 69661K, capacity 72222K, committed 72408K, reserved 1112064K
  class space    used 8833K, capacity 9434K, committed 9472K, reserved 1048576K
Event: 87.841 GC heap after
Heap after GC invocations=24 (full 3):
 PSYoungGen      total 330240K, used 11064K [0x00000000e0000000, 0x00000000faf80000, 0x0000000100000000)
  eden space 293376K, 0% used [0x00000000e0000000,0x00000000e0000000,0x00000000f1e80000)
  from space 36864K, 30% used [0x00000000f1e80000,0x00000000f294e2c0,0x00000000f4280000)
  to   space 35840K, 0% used [0x00000000f8c80000,0x00000000f8c80000,0x00000000faf80000)
 ParOldGen       total 220160K, used 83945K [0x00000000a0000000, 0x00000000ad700000, 0x00000000e0000000)
  object space 220160K, 38% used [0x00000000a0000000,0x00000000a51fa420,0x00000000ad700000)
 Metaspace       used 69661K, capacity 72222K, committed 72408K, reserved 1112064K
  class space    used 8833K, capacity 9434K, committed 9472K, reserved 1048576K
}
Event: 90.109 GC heap before
{Heap before GC invocations=25 (full 3):
 PSYoungGen      total 330240K, used 304440K [0x00000000e0000000, 0x00000000faf80000, 0x0000000100000000)
  eden space 293376K, 100% used [0x00000000e0000000,0x00000000f1e80000,0x00000000f1e80000)
  from space 36864K, 30% used [0x00000000f1e80000,0x00000000f294e2c0,0x00000000f4280000)
  to   space 35840K, 0% used [0x00000000f8c80000,0x00000000f8c80000,0x00000000faf80000)
 ParOldGen       total 220160K, used 83945K [0x00000000a0000000, 0x00000000ad700000, 0x00000000e0000000)
  object space 220160K, 38% used [0x00000000a0000000,0x00000000a51fa420,0x00000000ad700000)
 Metaspace       used 69674K, capacity 72222K, committed 72408K, reserved 1112064K
  class space    used 8833K, capacity 9434K, committed 9472K, reserved 1048576K
Event: 90.158 GC heap after
Heap after GC invocations=25 (full 3):
 PSYoungGen      total 403968K, used 3694K [0x00000000e0000000, 0x00000000faf00000, 0x0000000100000000)
  eden space 368640K, 0% used [0x00000000e0000000,0x00000000e0000000,0x00000000f6800000)
  from space 35328K, 10% used [0x00000000f8c80000,0x00000000f901baa0,0x00000000faf00000)
  to   space 36352K, 0% used [0x00000000f6800000,0x00000000f6800000,0x00000000f8b80000)
 ParOldGen       total 220160K, used 92544K [0x00000000a0000000, 0x00000000ad700000, 0x00000000e0000000)
  object space 220160K, 42% used [0x00000000a0000000,0x00000000a5a602d0,0x00000000ad700000)
 Metaspace       used 69674K, capacity 72222K, committed 72408K, reserved 1112064K
  class space    used 8833K, capacity 9434K, committed 9472K, reserved 1048576K
}
Event: 92.579 GC heap before
{Heap before GC invocations=26 (full 3):
 PSYoungGen      total 403968K, used 372334K [0x00000000e0000000, 0x00000000faf00000, 0x0000000100000000)
  eden space 368640K, 100% used [0x00000000e0000000,0x00000000f6800000,0x00000000f6800000)
  from space 35328K, 10% used [0x00000000f8c80000,0x00000000f901baa0,0x00000000faf00000)
  to   space 36352K, 0% used [0x00000000f6800000,0x00000000f6800000,0x00000000f8b80000)
 ParOldGen       total 220160K, used 92544K [0x00000000a0000000, 0x00000000ad700000, 0x00000000e0000000)
  object space 220160K, 42% used [0x00000000a0000000,0x00000000a5a602d0,0x00000000ad700000)
 Metaspace       used 69684K, capacity 72228K, committed 72408K, reserved 1112064K
  class space    used 8834K, capacity 9435K, committed 9472K, reserved 1048576K
Event: 92.621 GC heap after
Heap after GC invocations=26 (full 3):
 PSYoungGen      total 404992K, used 5254K [0x00000000e0000000, 0x0000000100000000, 0x0000000100000000)
  eden space 368640K, 0% used [0x00000000e0000000,0x00000000e0000000,0x00000000f6800000)
  from space 36352K, 14% used [0x00000000f6800000,0x00000000f6d21ab8,0x00000000f8b80000)
  to   space 35840K, 0% used [0x00000000fdd00000,0x00000000fdd00000,0x0000000100000000)
 ParOldGen       total 220160K, used 96102K [0x00000000a0000000, 0x00000000ad700000, 0x00000000e0000000)
  object space 220160K, 43% used [0x00000000a0000000,0x00000000a5dd9ae0,0x00000000ad700000)
 Metaspace       used 69684K, capacity 72228K, committed 72408K, reserved 1112064K
  class space    used 8834K, capacity 9435K, committed 9472K, reserved 1048576K
}

