# JRE version: OpenJDK Runtime Environment (8.0_112) (build 1.8.0_112-release-736)
# Java VM: OpenJDK 64-Bit Server VM (25.112-b736 mixed mode windows-amd64 compressed oops)
Heap:
 PSYoungGen      total 186880K, used 86339K [0x00000000e0000000, 0x00000000ef380000, 0x0000000100000000)
  eden space 161280K, 47% used [0x00000000e0000000,0x00000000e4a270f8,0x00000000e9d80000)
  from space 25600K, 40% used [0x00000000e9d80000,0x00000000ea7a9d78,0x00000000eb680000)
  to   space 27648K, 0% used [0x00000000ed880000,0x00000000ed880000,0x00000000ef380000)
 ParOldGen       total 229888K, used 47521K [0x00000000a0000000, 0x00000000ae080000, 0x00000000e0000000)
  object space 229888K, 20% used [0x00000000a0000000,0x00000000a2e687b0,0x00000000ae080000)
 Metaspace       used 67214K, capacity 69942K, committed 69976K, reserved 1112064K
  class space    used 8663K, capacity 9330K, committed 9344K, reserved 1048576K
GC Heap History (10 events):
Event: 76.048 GC heap before
{Heap before GC invocations=15 (full 3):
 PSYoungGen      total 163840K, used 139776K [0x00000000e0000000, 0x00000000ed080000, 0x0000000100000000)
  eden space 139776K, 100% used [0x00000000e0000000,0x00000000e8880000,0x00000000e8880000)
  from space 24064K, 0% used [0x00000000e8880000,0x00000000e8880000,0x00000000ea000000)
  to   space 26112K, 0% used [0x00000000eb700000,0x00000000eb700000,0x00000000ed080000)
 ParOldGen       total 229888K, used 37770K [0x00000000a0000000, 0x00000000ae080000, 0x00000000e0000000)
  object space 229888K, 16% used [0x00000000a0000000,0x00000000a24e2ab0,0x00000000ae080000)
 Metaspace       used 60489K, capacity 62854K, committed 62936K, reserved 1103872K
  class space    used 7899K, capacity 8414K, committed 8448K, reserved 1048576K
Event: 76.069 GC heap after
Heap after GC invocations=15 (full 3):
 PSYoungGen      total 186368K, used 8229K [0x00000000e0000000, 0x00000000ecf80000, 0x0000000100000000)
  eden space 161280K, 0% used [0x00000000e0000000,0x00000000e0000000,0x00000000e9d80000)
  from space 25088K, 32% used [0x00000000eb700000,0x00000000ebf095c0,0x00000000ecf80000)
  to   space 25600K, 0% used [0x00000000e9d80000,0x00000000e9d80000,0x00000000eb680000)
 ParOldGen       total 229888K, used 37778K [0x00000000a0000000, 0x00000000ae080000, 0x00000000e0000000)
  object space 229888K, 16% used [0x00000000a0000000,0x00000000a24e4ab0,0x00000000ae080000)
 Metaspace       used 60489K, capacity 62854K, committed 62936K, reserved 1103872K
  class space    used 7899K, capacity 8414K, committed 8448K, reserved 1048576K
}
Event: 83.452 GC heap before
{Heap before GC invocations=16 (full 3):
 PSYoungGen      total 186368K, used 169509K [0x00000000e0000000, 0x00000000ecf80000, 0x0000000100000000)
  eden space 161280K, 100% used [0x00000000e0000000,0x00000000e9d80000,0x00000000e9d80000)
  from space 25088K, 32% used [0x00000000eb700000,0x00000000ebf095c0,0x00000000ecf80000)
  to   space 25600K, 0% used [0x00000000e9d80000,0x00000000e9d80000,0x00000000eb680000)
 ParOldGen       total 229888K, used 37778K [0x00000000a0000000, 0x00000000ae080000, 0x00000000e0000000)
  object space 229888K, 16% used [0x00000000a0000000,0x00000000a24e4ab0,0x00000000ae080000)
 Metaspace       used 65836K, capacity 68198K, committed 68440K, reserved 1107968K
  class space    used 8517K, capacity 9074K, committed 9088K, reserved 1048576K
Event: 83.506 GC heap after
Heap after GC invocations=16 (full 3):
 PSYoungGen      total 186880K, used 19124K [0x00000000e0000000, 0x00000000ee900000, 0x0000000100000000)
  eden space 161280K, 0% used [0x00000000e0000000,0x00000000e0000000,0x00000000e9d80000)
  from space 25600K, 74% used [0x00000000e9d80000,0x00000000eb02d078,0x00000000eb680000)
  to   space 26624K, 0% used [0x00000000ecf00000,0x00000000ecf00000,0x00000000ee900000)
 ParOldGen       total 229888K, used 37794K [0x00000000a0000000, 0x00000000ae080000, 0x00000000e0000000)
  object space 229888K, 16% used [0x00000000a0000000,0x00000000a24e8ab0,0x00000000ae080000)
 Metaspace       used 65836K, capacity 68198K, committed 68440K, reserved 1107968K
  class space    used 8517K, capacity 9074K, committed 9088K, reserved 1048576K
}
Event: 85.285 GC heap before
{Heap before GC invocations=17 (full 3):
 PSYoungGen      total 186880K, used 115270K [0x00000000e0000000, 0x00000000ee900000, 0x0000000100000000)
  eden space 161280K, 59% used [0x00000000e0000000,0x00000000e5de47b0,0x00000000e9d80000)
  from space 25600K, 74% used [0x00000000e9d80000,0x00000000eb02d078,0x00000000eb680000)
  to   space 26624K, 0% used [0x00000000ecf00000,0x00000000ecf00000,0x00000000ee900000)
 ParOldGen       total 229888K, used 37794K [0x00000000a0000000, 0x00000000ae080000, 0x00000000e0000000)
  object space 229888K, 16% used [0x00000000a0000000,0x00000000a24e8ab0,0x00000000ae080000)
 Metaspace       used 66586K, capacity 69052K, committed 69080K, reserved 1114112K
  class space    used 8613K, capacity 9213K, committed 9216K, reserved 1048576K
Event: 85.348 GC heap after
Heap after GC invocations=17 (full 3):
 PSYoungGen      total 187904K, used 21299K [0x00000000e0000000, 0x00000000ee900000, 0x0000000100000000)
  eden space 161280K, 0% used [0x00000000e0000000,0x00000000e0000000,0x00000000e9d80000)
  from space 26624K, 80% used [0x00000000ecf00000,0x00000000ee3ccf38,0x00000000ee900000)
  to   space 25600K, 0% used [0x00000000e9d80000,0x00000000e9d80000,0x00000000eb680000)
 ParOldGen       total 229888K, used 37802K [0x00000000a0000000, 0x00000000ae080000, 0x00000000e0000000)
  object space 229888K, 16% used [0x00000000a0000000,0x00000000a24eaab0,0x00000000ae080000)
 Metaspace       used 66586K, capacity 69052K, committed 69080K, reserved 1114112K
  class space    used 8613K, capacity 9213K, committed 9216K, reserved 1048576K
}
Event: 85.348 GC heap before
{Heap before GC invocations=18 (full 4):
 PSYoungGen      total 187904K, used 21299K [0x00000000e0000000, 0x00000000ee900000, 0x0000000100000000)
  eden space 161280K, 0% used [0x00000000e0000000,0x00000000e0000000,0x00000000e9d80000)
  from space 26624K, 80% used [0x00000000ecf00000,0x00000000ee3ccf38,0x00000000ee900000)
  to   space 25600K, 0% used [0x00000000e9d80000,0x00000000e9d80000,0x00000000eb680000)
 ParOldGen       total 229888K, used 37802K [0x00000000a0000000, 0x00000000ae080000, 0x00000000e0000000)
  object space 229888K, 16% used [0x00000000a0000000,0x00000000a24eaab0,0x00000000ae080000)
 Metaspace       used 66586K, capacity 69052K, committed 69080K, reserved 1114112K
  class space    used 8613K, capacity 9213K, committed 9216K, reserved 1048576K
Event: 85.986 GC heap after
Heap after GC invocations=18 (full 4):
 PSYoungGen      total 187904K, used 0K [0x00000000e0000000, 0x00000000ee900000, 0x0000000100000000)
  eden space 161280K, 0% used [0x00000000e0000000,0x00000000e0000000,0x00000000e9d80000)
  from space 26624K, 0% used [0x00000000ecf00000,0x00000000ecf00000,0x00000000ee900000)
  to   space 25600K, 0% used [0x00000000e9d80000,0x00000000e9d80000,0x00000000eb680000)
 ParOldGen       total 229888K, used 47513K [0x00000000a0000000, 0x00000000ae080000, 0x00000000e0000000)
  object space 229888K, 20% used [0x00000000a0000000,0x00000000a2e667b0,0x00000000ae080000)
 Metaspace       used 66583K, capacity 69048K, committed 69080K, reserved 1112064K
  class space    used 8612K, capacity 9211K, committed 9216K, reserved 1048576K
}
Event: 140.958 GC heap before
{Heap before GC invocations=19 (full 4):
 PSYoungGen      total 187904K, used 161280K [0x00000000e0000000, 0x00000000ee900000, 0x0000000100000000)
  eden space 161280K, 100% used [0x00000000e0000000,0x00000000e9d80000,0x00000000e9d80000)
  from space 26624K, 0% used [0x00000000ecf00000,0x00000000ecf00000,0x00000000ee900000)
  to   space 25600K, 0% used [0x00000000e9d80000,0x00000000e9d80000,0x00000000eb680000)
 ParOldGen       total 229888K, used 47513K [0x00000000a0000000, 0x00000000ae080000, 0x00000000e0000000)
  object space 229888K, 20% used [0x00000000a0000000,0x00000000a2e667b0,0x00000000ae080000)
 Metaspace       used 67197K, capacity 69904K, committed 69976K, reserved 1112064K
  class space    used 8661K, capacity 9297K, committed 9344K, reserved 1048576K
Event: 140.989 GC heap after
Heap after GC invocations=19 (full 4):
 PSYoungGen      total 186880K, used 10407K [0x00000000e0000000, 0x00000000ef380000, 0x0000000100000000)
  eden space 161280K, 0% used [0x00000000e0000000,0x00000000e0000000,0x00000000e9d80000)
  from space 25600K, 40% used [0x00000000e9d80000,0x00000000ea7a9d78,0x00000000eb680000)
  to   space 27648K, 0% used [0x00000000ed880000,0x00000000ed880000,0x00000000ef380000)
 ParOldGen       total 229888K, used 47521K [0x00000000a0000000, 0x00000000ae080000, 0x00000000e0000000)
  object space 229888K, 20% used [0x00000000a0000000,0x00000000a2e687b0,0x00000000ae080000)
 Metaspace       used 67197K, capacity 69904K, committed 69976K, reserved 1112064K
  class space    used 8661K, capacity 9297K, committed 9344K, reserved 1048576K
}

